<?xml version="1.0" encoding="UTF-8"?>
<!-- Generated by org.testng.reporters.JUnitXMLReporter -->
<testsuite hostname="MBK-TECH-81.local" name="Default test" tests="3" failures="0" timestamp="5 Dec 2015 18:44:42 GMT" time="39.899" errors="0">
  <testcase name="customerlogin" time="19.314" classname="Outfittery.web.helpers.HomeHelper"/>
  <testcase name="flagclick" time="9.514" classname="Outfittery.web.helpers.HomeHelper"/>
  <testcase name="login" time="10.357" classname="Outfittery.web.helpers.HomeHelper"/>
</testsuite> <!-- Default test -->
