<?xml version="1.0" encoding="UTF-8"?>
<testng-results skipped="0" failed="0" total="1" passed="1">
  <reporter-output>
  </reporter-output>
  <suite name="Default suite" duration-ms="33295" started-at="2015-12-05T14:02:41Z" finished-at="2015-12-05T14:03:15Z">
    <groups>
    </groups>
    <test name="Default test" duration-ms="33295" started-at="2015-12-05T14:02:41Z" finished-at="2015-12-05T14:03:15Z">
      <class name="Outfittery.web.helpers.HomeHelper">
        <test-method status="PASS" signature="homelinks()[pri:0, instance:Outfittery.web.helpers.HomeHelper@cb0755b]" name="homelinks" duration-ms="32316" started-at="2015-12-05T19:32:41Z" finished-at="2015-12-05T19:33:14Z">
          <reporter-output>
          </reporter-output>
        </test-method> <!-- homelinks -->
        <test-method status="PASS" signature="tearDown()[pri:0, instance:Outfittery.web.helpers.HomeHelper@cb0755b]" name="tearDown" is-config="true" duration-ms="962" started-at="2015-12-05T19:33:14Z" finished-at="2015-12-05T19:33:15Z">
          <reporter-output>
          </reporter-output>
        </test-method> <!-- tearDown -->
      </class> <!-- Outfittery.web.helpers.HomeHelper -->
    </test> <!-- Default test -->
  </suite> <!-- Default suite -->
</testng-results>
