<?xml version="1.0" encoding="UTF-8"?>
<testng-results skipped="0" failed="0" total="1" passed="1">
  <reporter-output>
  </reporter-output>
  <suite name="Default suite" duration-ms="40768" started-at="2015-12-05T12:12:34Z" finished-at="2015-12-05T12:13:15Z">
    <groups>
    </groups>
    <test name="Default test" duration-ms="40768" started-at="2015-12-05T12:12:34Z" finished-at="2015-12-05T12:13:15Z">
      <class name="Outfittery.web.helpers.HomeHelper">
        <test-method status="PASS" signature="login()[pri:0, instance:Outfittery.web.helpers.HomeHelper@cb0755b]" name="login" duration-ms="40319" started-at="2015-12-05T17:42:34Z" finished-at="2015-12-05T17:43:15Z">
          <reporter-output>
          </reporter-output>
        </test-method> <!-- login -->
        <test-method status="PASS" signature="tearDown()[pri:0, instance:Outfittery.web.helpers.HomeHelper@cb0755b]" name="tearDown" is-config="true" duration-ms="434" started-at="2015-12-05T17:43:15Z" finished-at="2015-12-05T17:43:15Z">
          <reporter-output>
          </reporter-output>
        </test-method> <!-- tearDown -->
      </class> <!-- Outfittery.web.helpers.HomeHelper -->
    </test> <!-- Default test -->
  </suite> <!-- Default suite -->
</testng-results>
